[W418 10:59:10.995383617 CUDAAllocatorConfig.h:28] Warning: expandable_segments not supported on this platform (function operator())
wandb: [wandb.login()] Loaded credentials for https://api.wandb.ai from /home/ubuntu/.netrc.
wandb: Currently logged in as: jh5117 (WorldModel_11) to https://api.wandb.ai. Use `wandb login --relogin` to force relogin
wandb: setting up run zryqu4gr
wandb: Tracking run with wandb version 0.25.1
wandb: Run data is saved locally in runs/wandb/wandb/run-20260418_105912-zryqu4gr
wandb: Run `wandb offline` to turn off syncing.
wandb: Syncing run exp_stage1_epoch2_trd_v1_low_single_gpu_ckpt_full_probe17_low
wandb: ⭐️ View project at https://wandb.ai/WorldModel_11/physical_consistency
wandb: 🚀 View run at https://wandb.ai/WorldModel_11/physical_consistency/runs/zryqu4gr
[2026-04-18 10:59:15,222] INFO physical_consistency.wandb_utils.session: Initialized W&B run: exp_stage1_epoch2_trd_v1_low_single_gpu_ckpt_full_probe17_low
[rank0]:[W418 10:59:15.254330603 ProcessGroupNCCL.cpp:4115] [PG ID 0 PG GUID 0 Rank 0]  using GPU 0 to perform barrier as devices used by this process are currently unknown. This can potentially cause a hang if this rank to GPU mapping is incorrect.Specify device_ids in barrier() to force use of a particular device,or call init_process_group() with a device_id.
[2026-04-18 10:59:15,899] INFO physical_consistency.trainers.stage1_components: Loaded 1670 train samples (repeat=1)
[2026-04-18 10:59:15,900] INFO physical_consistency.trainers.stage1_components: Loaded 8 val samples (repeat=1)
[2026-04-18 10:59:15,900] INFO physical_consistency.trainers.trd_v1: [TRAIN PLAN] epochs=5 micro_steps_per_epoch=1670 optimizer_steps_per_epoch=1670 total_optimizer_steps=8350 grad_accum=1 dataset_samples=1670 world_size=1
[2026-04-18 10:59:16,615] INFO physical_consistency.trainers.stage1_components: Patched Wan rope_apply to preserve q/k dtype for training memory
[2026-04-18 10:59:16,647] INFO root: loading links/base_model/Wan2.1_VAE.pth
/home/nvme03/workspace/world_model_phys/PHYS/world_model_phys/links/lingbot_code/wan/modules/vae2_1.py:612: FutureWarning: You are using `torch.load` with `weights_only=False` (the current default value), which uses the default pickle module implicitly. It is possible to construct malicious pickle data which will execute arbitrary code during unpickling (See https://github.com/pytorch/pytorch/blob/main/SECURITY.md#untrusted-models for more details). In a future release, the default value for `weights_only` will be flipped to `True`. This limits the functions that could be executed during unpickling. Arbitrary objects will no longer be allowed to be loaded via this mode unless they are explicitly allowlisted by the user via `torch.serialization.add_safe_globals`. We recommend you start setting `weights_only=True` for any use case where you don't have full control of the loaded file. Please open an issue on GitHub for any issues related to this experimental feature.
  torch.load(pretrained_path, map_location=device), assign=True)
[2026-04-18 11:00:12,630] INFO root: loading links/base_model/models_t5_umt5-xxl-enc-bf16.pth
/home/nvme03/workspace/world_model_phys/PHYS/world_model_phys/links/lingbot_code/wan/modules/t5.py:494: FutureWarning: You are using `torch.load` with `weights_only=False` (the current default value), which uses the default pickle module implicitly. It is possible to construct malicious pickle data which will execute arbitrary code during unpickling (See https://github.com/pytorch/pytorch/blob/main/SECURITY.md#untrusted-models for more details). In a future release, the default value for `weights_only` will be flipped to `True`. This limits the functions that could be executed during unpickling. Arbitrary objects will no longer be allowed to be loaded via this mode unless they are explicitly allowlisted by the user via `torch.serialization.add_safe_globals`. We recommend you start setting `weights_only=True` for any use case where you don't have full control of the loaded file. Please open an issue on GitHub for any issues related to this experimental feature.
  model.load_state_dict(torch.load(checkpoint_path, map_location='cpu'))
[2026-04-18 11:00:21,039] INFO physical_consistency.trainers.stage1_components: Loading low_noise_model from links/stage1_epoch2
An error occurred while trying to fetch links/stage1_epoch2: Error no file named diffusion_pytorch_model.safetensors found in directory links/stage1_epoch2.
Defaulting to unsafe serialization. Pass `allow_pickle=False` to raise an error instead.
[2026-04-18 11:00:39,344] INFO physical_consistency.trainers.stage1_components: Memory-efficient modulation patched 40 blocks for low_noise_model (ffn_chunk_size=144)
[2026-04-18 11:00:40,300] INFO physical_consistency.trainers.stage1_components: Applied standard LoRA to 560 linear layers for low_noise_model (rank=16, alpha=16, dropout=0.000, block_start=0, lora_chunk_size=disabled, merge_mode=out_of_place, trainable=102891520/18648535104)
[2026-04-18 11:00:40,308] INFO physical_consistency.trainers.trd_v1: [GPU MEM] after_low_model_load device=cuda:0 allocated=0.47 GiB reserved=0.48 GiB max_allocated=0.47 GiB
[2026-04-18 11:00:40,328] INFO physical_consistency.trainers.trd_v1: Applying block-level gradient checkpointing for low_noise_model (use_reentrant=False; memory_efficient_mode=full; skip_feature_block=20)
[2026-04-18 11:00:40,329] INFO physical_consistency.trainers.stage1_components: Gradient checkpointing wrapped 39 memory-efficient Wan blocks in low_noise_model (use_reentrant=False; full block replay)
[2026-04-18 11:00:40,329] INFO physical_consistency.trainers.stage1_components: Gradient checkpointing patched 39 blocks for low_noise_model (use_reentrant=False)
[2026-04-18 11:00:40,329] INFO physical_consistency.trainers.stage1_components: Gradient checkpointing skipped 1 blocks for low_noise_model (indices=20)
[2026-04-18 11:00:40,329] INFO physical_consistency.trainers.trd_v1: [GPU MEM] after_single_bundle_construct device=cuda:0 allocated=0.47 GiB reserved=0.48 GiB max_allocated=0.47 GiB
[2026-04-18 11:00:40,335] INFO physical_consistency.trainers.trd_v1: [STUDENT DIAG] label=before_accelerator_prepare distributed_type=DistributedType.MULTI_GPU ddp_find_unused_parameters=False ddp_static_graph=False gradient_checkpointing=True checkpoint_use_reentrant=False checkpoint_mode=full tuning_mode=lora lora_merge_mode=out_of_place
[2026-04-18 11:00:40,342] INFO physical_consistency.trainers.trd_v1: [STUDENT DIAG] branch=low blocks=40 checkpoint_modes=full:39,skipped:1 lora_modules=560 lora_merge_modes=out_of_place:560 trainable_tensors=1120 trainable_params=102891520 duplicate_parameter_refs=0
[2026-04-18 11:00:40,342] INFO physical_consistency.trainers.trd_v1: [GPU MEM] before_accelerator_prepare device=cuda:0 allocated=0.47 GiB reserved=0.48 GiB max_allocated=0.47 GiB
[2026-04-18 11:00:46,904] INFO physical_consistency.trainers.trd_v1: [PARAM GRAD TRACE] installed hooks watched_tensors=560 pattern=lora_b.weight
[2026-04-18 11:00:46,905] INFO physical_consistency.trainers.trd_v1: [GPU MEM] after_accelerator_prepare device=cuda:0 allocated=35.43 GiB reserved=46.21 GiB max_allocated=35.83 GiB
/home/nvme03/workspace/world_model_phys/.conda_envs/phys-main/lib/python3.10/site-packages/timm/models/layers/__init__.py:49: FutureWarning: Importing from timm.models.layers is deprecated, please import via timm.layers
  warnings.warn(f"Importing from {__name__} is deprecated, please import via timm.layers", FutureWarning)
[2026-04-18 11:00:49,237] INFO physical_consistency.teachers.vjepa2: Loaded V-JEPA 2.1 teacher from ../weight/vjepa2_1/vjepa2_1_vitb_dist_vitG_384.pt (variant=vjepa2_1_vit_base_384, dtype=torch.bfloat16, offload_after_encode=True, storage_device=cpu)
[2026-04-18 11:00:49,238] INFO physical_consistency.trainers.trd_v1: [GPU MEM] after_teacher_load device=cuda:0 allocated=35.43 GiB reserved=35.47 GiB max_allocated=35.83 GiB
[2026-04-18 11:00:50,395] INFO physical_consistency.trainers.trd_v1: [PHASE] label=before_training_step rank=0 local_rank=0 epoch=1 micro_step=1 global_step=0 allocated=35.46GiB reserved=35.49GiB max_allocated=35.46GiB
/home/nvme03/workspace/world_model_phys/PHYS/world_model_phys/links/lingbot_code/wan/modules/vae2_1.py:649: FutureWarning: `torch.cuda.amp.autocast(args...)` is deprecated. Please use `torch.amp.autocast('cuda', args...)` instead.
  with amp.autocast(dtype=self.dtype):
[2026-04-18 11:01:00,418] INFO physical_consistency.trainers.trd_v1: [SEQ GEOM] num_frames=17 latent_grid=(5,40,72) patch_size=(1, 2, 2) seq_len=3600
[2026-04-18 11:01:00,702] INFO physical_consistency.trainers.trd_v1: [PHASE] label=before_student_forward rank=0 local_rank=0 epoch=1 micro_step=1 global_step=0 allocated=35.52GiB reserved=46.38GiB max_allocated=46.32GiB noisy_latent=shape(16, 5, 40, 72) dtype=torch.float32 device=cuda:0 requires_grad=False context=<non_tensor> y=shape(20, 5, 40, 72) dtype=torch.float32 device=cuda:0 requires_grad=False sample_sigma=0.941786 sample_sigma_finite=True sample_timestep=941.786 sample_timestep_finite=True
[2026-04-18 11:01:02,561] INFO physical_consistency.trainers.trd_v1: [PHASE] label=after_student_forward rank=0 local_rank=0 epoch=1 micro_step=1 global_step=0 allocated=38.70GiB reserved=46.38GiB max_allocated=46.32GiB pred=shape(16, 5, 40, 72) dtype=torch.float32 device=cuda:0 requires_grad=True student_tokens=shape(1, 5, 720, 768) dtype=torch.bfloat16 device=cuda:0 requires_grad=True
[2026-04-18 11:01:02,571] INFO physical_consistency.trainers.trd_v1: [PHASE] label=after_fm_loss rank=0 local_rank=0 epoch=1 micro_step=1 global_step=0 allocated=38.70GiB reserved=46.38GiB max_allocated=46.32GiB loss_fm=0.0139245 loss_fm_finite=True
[2026-04-18 11:01:02,572] INFO physical_consistency.trainers.trd_v1: [PHASE] label=trd_loss_off rank=0 local_rank=0 epoch=1 micro_step=1 global_step=0 allocated=38.70GiB reserved=46.38GiB max_allocated=46.32GiB loss_total=0.0139245 loss_total_finite=True
[2026-04-18 11:01:02,573] INFO physical_consistency.trainers.trd_v1: [PHASE] label=after_trd_loss rank=0 local_rank=0 epoch=1 micro_step=1 global_step=0 allocated=38.70GiB reserved=46.38GiB max_allocated=46.32GiB loss_total=0.0139245 loss_total_finite=True loss_trd=0 loss_trd_finite=True loss_trd_spatial=0 loss_trd_spatial_finite=True loss_trd_temporal=0 loss_trd_temporal_finite=True
[2026-04-18 11:01:02,574] INFO physical_consistency.trainers.trd_v1: [PHASE] label=after_training_step rank=0 local_rank=0 epoch=1 micro_step=1 global_step=0 allocated=38.67GiB reserved=46.38GiB max_allocated=46.32GiB loss_total=0.0139245 loss_total_finite=True loss_fm=0.0139245 loss_fm_finite=True loss_trd=0 loss_trd_finite=True
[2026-04-18 11:01:02,576] INFO physical_consistency.trainers.trd_v1: [PHASE] label=before_backward rank=0 local_rank=0 epoch=1 micro_step=1 global_step=0 allocated=38.67GiB reserved=46.38GiB max_allocated=46.32GiB loss_total=0.0139245 loss_total_finite=True
Fatal Python error: Floating point exception

Current thread 0x00007fbc1d6c5640 (most recent call first):
  <no Python frame>

Thread 0x00007fb9d6813640 (most recent call first):
  File "/home/nvme03/workspace/world_model_phys/.conda_envs/phys-main/lib/python3.10/threading.py", line 320 in wait
  File "/home/nvme03/workspace/world_model_phys/.conda_envs/phys-main/lib/python3.10/multiprocessing/queues.py", line 231 in _feed
  File "/home/nvme03/workspace/world_model_phys/.conda_envs/phys-main/lib/python3.10/threading.py", line 953 in run
  File "/home/nvme03/workspace/world_model_phys/.conda_envs/phys-main/lib/python3.10/threading.py", line 1016 in _bootstrap_inner
  File "/home/nvme03/workspace/world_model_phys/.conda_envs/phys-main/lib/python3.10/threading.py", line 973 in _bootstrap

Thread 0x00007fb9d6012640 (most recent call first):
  File "/home/nvme03/workspace/world_model_phys/.conda_envs/phys-main/lib/python3.10/threading.py", line 320 in wait
  File "/home/nvme03/workspace/world_model_phys/.conda_envs/phys-main/lib/python3.10/multiprocessing/queues.py", line 231 in _feed
  File "/home/nvme03/workspace/world_model_phys/.conda_envs/phys-main/lib/python3.10/threading.py", line 953 in run
  File "/home/nvme03/workspace/world_model_phys/.conda_envs/phys-main/lib/python3.10/threading.py", line 1016 in _bootstrap_inner
  File "/home/nvme03/workspace/world_model_phys/.conda_envs/phys-main/lib/python3.10/threading.py", line 973 in _bootstrap

Thread 0x00007fb9d5811640 (most recent call first):
  File "/home/nvme03/workspace/world_model_phys/.conda_envs/phys-main/lib/python3.10/threading.py", line 320 in wait
  File "/home/nvme03/workspace/world_model_phys/.conda_envs/phys-main/lib/python3.10/multiprocessing/queues.py", line 231 in _feed
  File "/home/nvme03/workspace/world_model_phys/.conda_envs/phys-main/lib/python3.10/threading.py", line 953 in run
  File "/home/nvme03/workspace/world_model_phys/.conda_envs/phys-main/lib/python3.10/threading.py", line 1016 in _bootstrap_inner
  File "/home/nvme03/workspace/world_model_phys/.conda_envs/phys-main/lib/python3.10/threading.py", line 973 in _bootstrap

Thread 0x00007fb9d5010640 (most recent call first):
  File "/home/nvme03/workspace/world_model_phys/.conda_envs/phys-main/lib/python3.10/threading.py", line 320 in wait
  File "/home/nvme03/workspace/world_model_phys/.conda_envs/phys-main/lib/python3.10/multiprocessing/queues.py", line 231 in _feed
  File "/home/nvme03/workspace/world_model_phys/.conda_envs/phys-main/lib/python3.10/threading.py", line 953 in run
  File "/home/nvme03/workspace/world_model_phys/.conda_envs/phys-main/lib/python3.10/threading.py", line 1016 in _bootstrap_inner
  File "/home/nvme03/workspace/world_model_phys/.conda_envs/phys-main/lib/python3.10/threading.py", line 973 in _bootstrap

Thread 0x00007fbccd3fd640 (most recent call first):
  File "/home/nvme03/workspace/world_model_phys/.conda_envs/phys-main/lib/python3.10/selectors.py", line 416 in select
  File "/home/nvme03/workspace/world_model_phys/.conda_envs/phys-main/lib/python3.10/multiprocessing/connection.py", line 931 in wait
  File "/home/nvme03/workspace/world_model_phys/.conda_envs/phys-main/lib/python3.10/multiprocessing/connection.py", line 424 in _poll
  File "/home/nvme03/workspace/world_model_phys/.conda_envs/phys-main/lib/python3.10/multiprocessing/connection.py", line 257 in poll
  File "/home/nvme03/workspace/world_model_phys/.conda_envs/phys-main/lib/python3.10/multiprocessing/queues.py", line 113 in get
  File "/home/nvme03/workspace/world_model_phys/.conda_envs/phys-main/lib/python3.10/site-packages/torch/utils/data/_utils/pin_memory.py", line 35 in do_one_step
  File "/home/nvme03/workspace/world_model_phys/.conda_envs/phys-main/lib/python3.10/site-packages/torch/utils/data/_utils/pin_memory.py", line 59 in _pin_memory_loop
  File "/home/nvme03/workspace/world_model_phys/.conda_envs/phys-main/lib/python3.10/threading.py", line 953 in run
  File "/home/nvme03/workspace/world_model_phys/.conda_envs/phys-main/lib/python3.10/threading.py", line 1016 in _bootstrap_inner
  File "/home/nvme03/workspace/world_model_phys/.conda_envs/phys-main/lib/python3.10/threading.py", line 973 in _bootstrap

Thread 0x00007fbcccbfc640 (most recent call first):
  File "/home/nvme03/workspace/world_model_phys/.conda_envs/phys-main/lib/python3.10/threading.py", line 324 in wait
  File "/home/nvme03/workspace/world_model_phys/.conda_envs/phys-main/lib/python3.10/threading.py", line 607 in wait
  File "/home/nvme03/workspace/world_model_phys/.conda_envs/phys-main/lib/python3.10/site-packages/wandb/sdk/wandb_run.py", line 265 in _loop_check_status
  File "/home/nvme03/workspace/world_model_phys/.conda_envs/phys-main/lib/python3.10/site-packages/wandb/sdk/wandb_run.py", line 335 in check_internal_messages
  File "/home/nvme03/workspace/world_model_phys/.conda_envs/phys-main/lib/python3.10/threading.py", line 953 in run
  File "/home/nvme03/workspace/world_model_phys/.conda_envs/phys-main/lib/python3.10/threading.py", line 1016 in _bootstrap_inner
  File "/home/nvme03/workspace/world_model_phys/.conda_envs/phys-main/lib/python3.10/threading.py", line 973 in _bootstrap

Thread 0x00007fbccddfe640 (most recent call first):
  File "/home/nvme03/workspace/world_model_phys/.conda_envs/phys-main/lib/python3.10/threading.py", line 324 in wait
  File "/home/nvme03/workspace/world_model_phys/.conda_envs/phys-main/lib/python3.10/threading.py", line 607 in wait
  File "/home/nvme03/workspace/world_model_phys/.conda_envs/phys-main/lib/python3.10/site-packages/wandb/sdk/wandb_run.py", line 265 in _loop_check_status
  File "/home/nvme03/workspace/world_model_phys/.conda_envs/phys-main/lib/python3.10/site-packages/wandb/sdk/wandb_run.py", line 308 in check_stop_status
  File "/home/nvme03/workspace/world_model_phys/.conda_envs/phys-main/lib/python3.10/threading.py", line 953 in run
  File "/home/nvme03/workspace/world_model_phys/.conda_envs/phys-main/lib/python3.10/threading.py", line 1016 in _bootstrap_inner
  File "/home/nvme03/workspace/world_model_phys/.conda_envs/phys-main/lib/python3.10/threading.py", line 973 in _bootstrap

Thread 0x00007fbcce7ff640 (most recent call first):
  File "/home/nvme03/workspace/world_model_phys/.conda_envs/phys-main/lib/python3.10/selectors.py", line 469 in select
  File "/home/nvme03/workspace/world_model_phys/.conda_envs/phys-main/lib/python3.10/asyncio/base_events.py", line 1871 in _run_once
  File "/home/nvme03/workspace/world_model_phys/.conda_envs/phys-main/lib/python3.10/asyncio/base_events.py", line 603 in run_forever
  File "/home/nvme03/workspace/world_model_phys/.conda_envs/phys-main/lib/python3.10/asyncio/base_events.py", line 636 in run_until_complete
  File "/home/nvme03/workspace/world_model_phys/.conda_envs/phys-main/lib/python3.10/asyncio/runners.py", line 44 in run
  File "/home/nvme03/workspace/world_model_phys/.conda_envs/phys-main/lib/python3.10/site-packages/wandb/sdk/lib/asyncio_compat.py", line 76 in run
  File "/home/nvme03/workspace/world_model_phys/.conda_envs/phys-main/lib/python3.10/site-packages/wandb/sdk/lib/asyncio_manager.py", line 234 in _main
  File "/home/nvme03/workspace/world_model_phys/.conda_envs/phys-main/lib/python3.10/threading.py", line 953 in run
  File "/home/nvme03/workspace/world_model_phys/.conda_envs/phys-main/lib/python3.10/threading.py", line 1016 in _bootstrap_inner
  File "/home/nvme03/workspace/world_model_phys/.conda_envs/phys-main/lib/python3.10/threading.py", line 973 in _bootstrap

Thread 0x00007fbfa6ff6740 (most recent call first):
  File "/home/nvme03/workspace/world_model_phys/.conda_envs/phys-main/lib/python3.10/site-packages/torch/autograd/graph.py", line 825 in _engine_run_backward
  File "/home/nvme03/workspace/world_model_phys/.conda_envs/phys-main/lib/python3.10/site-packages/torch/autograd/__init__.py", line 347 in backward
  File "/home/nvme03/workspace/world_model_phys/.conda_envs/phys-main/lib/python3.10/site-packages/torch/_tensor.py", line 581 in backward
  File "/home/nvme03/workspace/world_model_phys/.conda_envs/phys-main/lib/python3.10/site-packages/accelerate/accelerator.py", line 2241 in backward
  File "/home/nvme03/workspace/world_model_phys/PHYS/world_model_phys/src/physical_consistency/trainers/trd_v1.py", line 1005 in train
  File "/home/nvme03/workspace/world_model_phys/PHYS/world_model_phys/src/physical_consistency/trainers/trd_v1.py", line 2554 in main
  File "/home/nvme03/workspace/world_model_phys/PHYS/world_model_phys/src/physical_consistency/cli/train_trd_v1.py", line 10 in main
  File "/home/nvme03/workspace/world_model_phys/PHYS/world_model_phys/src/physical_consistency/cli/train_trd_v1.py", line 14 in <module>
  File "/home/nvme03/workspace/world_model_phys/.conda_envs/phys-main/lib/python3.10/runpy.py", line 86 in _run_code
  File "/home/nvme03/workspace/world_model_phys/.conda_envs/phys-main/lib/python3.10/runpy.py", line 196 in _run_module_as_main

Extension modules: numpy.core._multiarray_umath, numpy.core._multiarray_tests, numpy.linalg._umath_linalg, numpy.fft._pocketfft_internal, numpy.random._common, numpy.random.bit_generator, numpy.random._bounded_integers, numpy.random._mt19937, numpy.random.mtrand, numpy.random._philox, numpy.random._pcg64, numpy.random._sfc64, numpy.random._generator, torch._C, torch._C._dynamo.autograd_compiler, torch._C._dynamo.eval_frame, torch._C._dynamo.guards, torch._C._dynamo.utils, torch._C._fft, torch._C._linalg, torch._C._nested, torch._C._nn, torch._C._sparse, torch._C._special, charset_normalizer.md, charset_normalizer.cd, requests.packages.charset_normalizer.md, requests.packages.chardet.md, requests.packages.charset_normalizer.cd, requests.packages.chardet.cd, yaml._yaml, PIL._imaging, PIL._imagingft, google._upb._message, regex._regex, markupsafe._speedups, scipy._lib._ccallback_c, scipy.sparse._sparsetools, _csparsetools, scipy.sparse._csparsetools, scipy.linalg._fblas, scipy.linalg._flapack, scipy.linalg.cython_lapack, scipy.linalg._cythonized_array_utils, scipy.linalg._solve_toeplitz, scipy.linalg._decomp_lu_cython, scipy.linalg._matfuncs_sqrtm_triu, scipy.linalg._matfuncs_expm, scipy.linalg._linalg_pythran, scipy.linalg.cython_blas, scipy.linalg._decomp_update, scipy.sparse.linalg._dsolve._superlu, scipy.sparse.linalg._eigen.arpack._arpack, scipy.sparse.linalg._propack._spropack, scipy.sparse.linalg._propack._dpropack, scipy.sparse.linalg._propack._cpropack, scipy.sparse.linalg._propack._zpropack, scipy.sparse.csgraph._tools, scipy.sparse.csgraph._shortest_path, scipy.sparse.csgraph._traversal, scipy.sparse.csgraph._min_spanning_tree, scipy.sparse.csgraph._flow, scipy.sparse.csgraph._matching, scipy.sparse.csgraph._reordering, scipy.spatial._ckdtree, scipy._lib.messagestream, scipy.spatial._qhull, scipy.spatial._voronoi, scipy.spatial._distance_wrap, scipy.spatial._hausdorff, scipy.special._ufuncs_cxx, scipy.special._ufuncs, scipy.special._specfun, scipy.special._comb, scipy.special._ellip_harm_2, scipy.spatial.transform._rotation, scipy.optimize._group_columns, scipy.optimize._trlib._trlib, scipy.optimize._lbfgsb, _moduleTNC, scipy.optimize._moduleTNC, scipy.optimize._cobyla, scipy.optimize._slsqp, scipy.optimize._minpack, scipy.optimize._lsq.givens_elimination, scipy.optimize._zeros, scipy.optimize._cython_nnls, scipy._lib._uarray._uarray, scipy.linalg._decomp_interpolative, scipy.optimize._bglu_dense, scipy.optimize._lsap, scipy.optimize._direct, scipy.integrate._odepack, scipy.integrate._quadpack, scipy.integrate._vode, scipy.integrate._dop, scipy.integrate._lsoda, scipy.interpolate._fitpack, scipy.interpolate._dfitpack, scipy.interpolate._dierckx, scipy.interpolate._ppoly, scipy.interpolate._interpnd, scipy.interpolate._rbfinterp_pythran, scipy.interpolate._rgi_cython, scipy.interpolate._bspl, scipy.special.cython_special, scipy.stats._stats, scipy.stats._sobol, scipy.stats._qmc_cy, scipy.stats._biasedurn, scipy.stats._stats_pythran, scipy.stats._levy_stable.levyst, scipy.stats._ansari_swilk_statistics, scipy.stats._mvn, scipy.stats._rcont.rcont, scipy.ndimage._nd_image, scipy.ndimage._rank_filter_1d, _ni_label, scipy.ndimage._ni_label (total: 119)
E0418 11:01:03.537000 4126370 site-packages/torch/distributed/elastic/multiprocessing/api.py:869] failed (exitcode: -8) local_rank: 0 (pid: 4126456) of binary: /home/nvme03/workspace/world_model_phys/.conda_envs/phys-main/bin/python
Traceback (most recent call last):
  File "/home/nvme03/workspace/world_model_phys/.conda_envs/phys-main/bin/accelerate", line 6, in <module>
    sys.exit(main())
  File "/home/nvme03/workspace/world_model_phys/.conda_envs/phys-main/lib/python3.10/site-packages/accelerate/commands/accelerate_cli.py", line 48, in main
    args.func(args)
  File "/home/nvme03/workspace/world_model_phys/.conda_envs/phys-main/lib/python3.10/site-packages/accelerate/commands/launch.py", line 1159, in launch_command
    multi_gpu_launcher(args)
  File "/home/nvme03/workspace/world_model_phys/.conda_envs/phys-main/lib/python3.10/site-packages/accelerate/commands/launch.py", line 793, in multi_gpu_launcher
    distrib_run.run(args)
  File "/home/nvme03/workspace/world_model_phys/.conda_envs/phys-main/lib/python3.10/site-packages/torch/distributed/run.py", line 910, in run
    elastic_launch(
  File "/home/nvme03/workspace/world_model_phys/.conda_envs/phys-main/lib/python3.10/site-packages/torch/distributed/launcher/api.py", line 138, in __call__
    return launch_agent(self._config, self._entrypoint, list(args))
  File "/home/nvme03/workspace/world_model_phys/.conda_envs/phys-main/lib/python3.10/site-packages/torch/distributed/launcher/api.py", line 269, in launch_agent
    raise ChildFailedError(
torch.distributed.elastic.multiprocessing.errors.ChildFailedError: 
=======================================================
physical_consistency.cli.train_trd_v1 FAILED
-------------------------------------------------------
Failures:
  <NO_OTHER_FAILURES>
-------------------------------------------------------
Root Cause (first observed failure):
[0]:
  time      : 2026-04-18_11:01:03
  host      : instance-afs92r3e
  rank      : 0 (local_rank: 0)
  exitcode  : -8 (pid: 4126456)
  error_file: <N/A>
  traceback : Signal 8 (SIGFPE) received by PID 4126456
=======================================================
